C:\Users\User\Sistema.Sanatorio\wwwroot\Scripts\Provincia.js
C:\Users\User\Sistema.Sanatorio\wwwroot\Scripts\Provincia.js.map
C:\Users\User\Sistema.Sanatorio\wwwroot\Scripts\Localidad.js
C:\Users\User\Sistema.Sanatorio\wwwroot\Scripts\Localidad.js.map
C:\Users\User\Sistema.Sanatorio\wwwroot\Scripts\Constantes\TipoOperacion.js
C:\Users\User\Sistema.Sanatorio\wwwroot\Scripts\Constantes\TipoOperacion.js.map
C:\Users\User\Sistema.Sanatorio\wwwroot\Scripts\EspecialidadTS\Especialidad.js
C:\Users\User\Sistema.Sanatorio\wwwroot\Scripts\EspecialidadTS\Especialidad.js.map
C:\Users\User\Sistema.Sanatorio\wwwroot\Scripts\EspecialidadTS\IEspecialidad.js
C:\Users\User\Sistema.Sanatorio\wwwroot\Scripts\EspecialidadTS\IEspecialidad.js.map
C:\Users\User\Sistema.Sanatorio\wwwroot\Scripts\EspecialidadTS\EspecialidadServicio.js
C:\Users\User\Sistema.Sanatorio\wwwroot\Scripts\EspecialidadTS\EspecialidadServicio.js.map
C:\Users\User\Sistema.Sanatorio\wwwroot\Scripts\EspecialidadTS\VistaIndexEspecialidad.js
C:\Users\User\Sistema.Sanatorio\wwwroot\Scripts\EspecialidadTS\VistaIndexEspecialidad.js.map
C:\Users\User\Sistema.Sanatorio\wwwroot\Scripts\FetchRequestTS\Request.js
C:\Users\User\Sistema.Sanatorio\wwwroot\Scripts\FetchRequestTS\Request.js.map
C:\Users\User\Sistema.Sanatorio\wwwroot\Scripts\Localidad\ClaseLocalidad.js
C:\Users\User\Sistema.Sanatorio\wwwroot\Scripts\Localidad\ClaseLocalidad.js.map
C:\Users\User\Sistema.Sanatorio\wwwroot\Scripts\Localidad\ILocalidad.js
C:\Users\User\Sistema.Sanatorio\wwwroot\Scripts\Localidad\ILocalidad.js.map
C:\Users\User\Sistema.Sanatorio\wwwroot\Scripts\Localidad\Localidad.js
C:\Users\User\Sistema.Sanatorio\wwwroot\Scripts\Localidad\Localidad.js.map
C:\Users\User\Sistema.Sanatorio\wwwroot\Scripts\ProvinciaTS\IProvincia.js
C:\Users\User\Sistema.Sanatorio\wwwroot\Scripts\ProvinciaTS\IProvincia.js.map
C:\Users\User\Sistema.Sanatorio\wwwroot\Scripts\ProvinciaTS\Provincia.js
C:\Users\User\Sistema.Sanatorio\wwwroot\Scripts\ProvinciaTS\Provincia.js.map
C:\Users\User\Sistema.Sanatorio\wwwroot\Scripts\Localidad\VistaLocalidad.js
C:\Users\User\Sistema.Sanatorio\wwwroot\Scripts\Localidad\VistaLocalidad.js.map
C:\Users\User\Sistema.Sanatorio\wwwroot\Scripts\RequestTS\Response.js
C:\Users\User\Sistema.Sanatorio\wwwroot\Scripts\RequestTS\Response.js.map
C:\Users\User\Sistema.Sanatorio\wwwroot\Scripts\UsuarioTS\Usuario.js
C:\Users\User\Sistema.Sanatorio\wwwroot\Scripts\UsuarioTS\Usuario.js.map
C:\Users\User\Sistema.Sanatorio\wwwroot\Scripts\PersonaTS\Persona.js
C:\Users\User\Sistema.Sanatorio\wwwroot\Scripts\PersonaTS\Persona.js.map
C:\Users\User\Sistema.Sanatorio\wwwroot\Scripts\PacienteTS\Paciente.js
C:\Users\User\Sistema.Sanatorio\wwwroot\Scripts\PacienteTS\Paciente.js.map
C:\Users\User\Sistema.Sanatorio\wwwroot\Scripts\PacienteTS\PacienteServicio.js
C:\Users\User\Sistema.Sanatorio\wwwroot\Scripts\PacienteTS\PacienteServicio.js.map
C:\Users\User\Sistema.Sanatorio\wwwroot\Scripts\PersonaTS\Recepcionista.js
C:\Users\User\Sistema.Sanatorio\wwwroot\Scripts\PersonaTS\Recepcionista.js.map
C:\Users\User\Sistema.Sanatorio\wwwroot\Scripts\PersonaTS\IRecepcionista.js
C:\Users\User\Sistema.Sanatorio\wwwroot\Scripts\PersonaTS\IRecepcionista.js.map
C:\Users\User\Sistema.Sanatorio\wwwroot\Scripts\PersonaTS\RecepconistaServicio.js
C:\Users\User\Sistema.Sanatorio\wwwroot\Scripts\PersonaTS\RecepconistaServicio.js.map
C:\Users\User\Sistema.Sanatorio\wwwroot\Scripts\PersonaTS\VistaNuevoRecepcionista.js
C:\Users\User\Sistema.Sanatorio\wwwroot\Scripts\PersonaTS\VistaNuevoRecepcionista.js.map
C:\Users\User\Sistema.Sanatorio\wwwroot\Scripts\PersonaTS\VistaRecepcionistas.js
C:\Users\User\Sistema.Sanatorio\wwwroot\Scripts\PersonaTS\VistaRecepcionistas.js.map
C:\Users\User\Sistema.Sanatorio\wwwroot\Scripts\PersonaTS\MedicoTS\Medico.js
C:\Users\User\Sistema.Sanatorio\wwwroot\Scripts\PersonaTS\MedicoTS\Medico.js.map
C:\Users\User\Sistema.Sanatorio\wwwroot\Scripts\PersonaTS\MedicoTS\MedicoServicio.js
C:\Users\User\Sistema.Sanatorio\wwwroot\Scripts\PersonaTS\MedicoTS\MedicoServicio.js.map
C:\Users\User\Sistema.Sanatorio\wwwroot\Scripts\PersonaTS\MedicoTS\VistaIndex.js
C:\Users\User\Sistema.Sanatorio\wwwroot\Scripts\PersonaTS\MedicoTS\VistaIndex.js.map
C:\Users\User\Sistema.Sanatorio\wwwroot\Scripts\PersonaTS\MedicoTS\VistaMedico.js
C:\Users\User\Sistema.Sanatorio\wwwroot\Scripts\PersonaTS\MedicoTS\VistaMedico.js.map
C:\Users\User\Sistema.Sanatorio\wwwroot\Scripts\Prueba\app.js
C:\Users\User\Sistema.Sanatorio\wwwroot\Scripts\Prueba\app.js.map
C:\Users\User\Sistema.Sanatorio\wwwroot\Scripts\TurnosTS\Turno.js
C:\Users\User\Sistema.Sanatorio\wwwroot\Scripts\TurnosTS\Turno.js.map
C:\Users\User\Sistema.Sanatorio\wwwroot\Scripts\TurnosTS\TurnoServicio.js
C:\Users\User\Sistema.Sanatorio\wwwroot\Scripts\TurnosTS\TurnoServicio.js.map
C:\Users\User\Sistema.Sanatorio\wwwroot\Scripts\Utilidades\CargarSelect.js
C:\Users\User\Sistema.Sanatorio\wwwroot\Scripts\Utilidades\CargarSelect.js.map
C:\Users\User\Sistema.Sanatorio\wwwroot\Scripts\TurnosTS\VistaNuevoTurno.js
C:\Users\User\Sistema.Sanatorio\wwwroot\Scripts\TurnosTS\VistaNuevoTurno.js.map
C:\Users\User\Sistema.Sanatorio\wwwroot\Scripts\TurnosTS\BuscarTurnoTS\BuscarTurnoServicio.js
C:\Users\User\Sistema.Sanatorio\wwwroot\Scripts\TurnosTS\BuscarTurnoTS\BuscarTurnoServicio.js.map
C:\Users\User\Sistema.Sanatorio\wwwroot\Scripts\TurnosTS\BuscarTurnoTS\VistaBuscarTurno.js
C:\Users\User\Sistema.Sanatorio\wwwroot\Scripts\TurnosTS\BuscarTurnoTS\VistaBuscarTurno.js.map
C:\Users\User\Sistema.Sanatorio\wwwroot\Scripts\UsuarioTS\VistaSeguridadListadoUsuarios.js
C:\Users\User\Sistema.Sanatorio\wwwroot\Scripts\UsuarioTS\VistaSeguridadListadoUsuarios.js.map
C:\Users\User\Sistema.Sanatorio\wwwroot\Scripts\UsuarioTS\LoginTS\LoginServicio.js
C:\Users\User\Sistema.Sanatorio\wwwroot\Scripts\UsuarioTS\LoginTS\LoginServicio.js.map
C:\Users\User\Sistema.Sanatorio\wwwroot\Scripts\UsuarioTS\LoginTS\VistaLogin.js
C:\Users\User\Sistema.Sanatorio\wwwroot\Scripts\UsuarioTS\LoginTS\VistaLogin.js.map
